22:27:49 [INFO] [Config] Browser init: headless=False
22:27:56 [DEBUG] [Join] Cookie banner root not found.
22:27:56 [DEBUG] [ahuman_delay] sleep ≈ 3.68 s (async)
22:27:59 [INFO] [Join] Scrolling applications page (step 1/5).
22:27:59 [DEBUG] [ahuman_delay] sleep ≈ 1.19 s (async)
22:28:01 [INFO] [Join] No more content loaded on scroll, stopping.
22:28:01 [DEBUG] [Join] Cookie banner root not found.
22:28:01 [DEBUG] [ahuman_delay] sleep ≈ 3.88 s (async)
22:28:05 [INFO] [Join] Found 100 applications on the current page.
22:28:06 [INFO] [Join] Found 3 'Incomplete application' apps on this page.
22:28:06 [INFO] [Join] Total unique 'Incomplete application' links: 3
22:28:06 [INFO] [Join] Found 3 incomplete apps (on up to 3 pages).
22:28:06 [INFO] [Join] Filling form: https://join.com/talent/applications/45257406
22:28:10 [DEBUG] [Join] Cookie banner root not found.
22:28:10 [DEBUG] [ahuman_delay] sleep ≈ 3.88 s (async)
22:28:14 [DEBUG] [ahuman_delay] sleep ≈ 0.59 s (async)
22:28:14 [DEBUG] [ahuman_delay] sleep ≈ 2.14 s (async)
22:28:18 [INFO] [Join] Clicked 'Complete application'
22:28:18 [DEBUG] [ahuman_delay] sleep ≈ 1.14 s (async)
22:28:19 [DEBUG] [ahuman_delay] sleep ≈ 1.22 s (async)
22:28:21 [INFO] [Join] Screening question: Confirm your CV
22:28:21 [INFO] [Join] Info-only screening page (no input expected), will just click Continue.
22:28:21 [DEBUG] [ahuman_delay] sleep ≈ 0.54 s (async)
22:28:21 [INFO] [Join] Clicked 'Continue' after question
22:28:21 [DEBUG] [ahuman_delay] sleep ≈ 1.39 s (async)
22:28:23 [INFO] [Join] Screening question: Upload your cover letter
22:28:23 [INFO] [Join] Info-only screening page (no input expected), will just click Continue.
22:28:23 [DEBUG] [ahuman_delay] sleep ≈ 0.84 s (async)
22:28:24 [INFO] [Join] Clicked 'Continue' after question
22:28:24 [DEBUG] [ahuman_delay] sleep ≈ 1.59 s (async)
22:28:25 [INFO] [Join] Screening question: When are you available to start working with us?
22:28:25 [DEBUG] [ahuman_delay] sleep ≈ 0.37 s (async)
22:28:26 [DEBUG] [ahuman_delay] sleep ≈ 0.55 s (async)
22:28:26 [DEBUG] [ahuman_delay] sleep ≈ 0.34 s (async)
22:28:27 [WARNING] [Join] Could not select any date in datepicker for 2025-11-29
22:28:27 [WARNING] [Join] DatePicker present, but could not select date.
22:28:27 [INFO] [Join] No 'Continue' button on unknown-question page, stopping screening loop
22:28:27 [WARNING] [Join] No final submit button found
22:28:27 [WARNING] [Join] Could not submit application: https://join.com/talent/applications/45257406
22:28:27 [INFO] [Join] Filling form: https://join.com/talent/applications/45251918
22:28:32 [DEBUG] [Join] Cookie banner root not found.
22:28:32 [DEBUG] [ahuman_delay] sleep ≈ 3.82 s (async)
